  main.cpp
C:\Users\PC\source\repos\Synth\Synth\Patch.h(47,24): warning C4267: 'return': conversion from 'size_t' to 'int', possible loss of data
C:\Users\PC\source\repos\Synth\Synth\main.cpp(38,23): warning C4244: '=': conversion from 'float' to 'short', possible loss of data
  Algorithm.cpp
C:\Users\PC\source\repos\Synth\Synth\Patch.h(47,24): warning C4267: 'return': conversion from 'size_t' to 'int', possible loss of data
C:\Users\PC\source\repos\Synth\Synth\Algorithm.cpp(21,20): warning C4244: 'argument': conversion from 'double' to 'float', possible loss of data
C:\Users\PC\source\repos\Synth\Synth\Algorithm.cpp(20,20): warning C4244: 'argument': conversion from 'double' to 'float', possible loss of data
C:\Users\PC\source\repos\Synth\Synth\Algorithm.cpp(19,56): warning C4244: 'argument': conversion from 'double' to 'float', possible loss of data
  ParallelBlock.cpp
C:\Users\PC\source\repos\Synth\Synth\ParallelBlock.cpp(14,21): warning C4018: '<': signed/unsigned mismatch
  SerialBlock.cpp
  SineOscillator.cpp
C:\Users\PC\source\repos\Synth\Synth\SineOscillator.cpp(19,25): warning C4244: '=': conversion from 'double' to 'float', possible loss of data
C:\Users\PC\source\repos\Synth\Synth\SineOscillator.cpp(33,28): warning C4244: '=': conversion from 'double' to 'float', possible loss of data
  Voice.cpp
C:\Users\PC\source\repos\Synth\Synth\Patch.h(47,24): warning C4267: 'return': conversion from 'size_t' to 'int', possible loss of data
  Generating Code...
C:\Users\PC\source\repos\Synth\Synth\Algorithm.cpp(142): warning C4715: 'Algorithm::create_rec': not all control paths return a value
C:\Users\PC\source\repos\Synth\Synth\Patch.h(59): warning C4715: 'Patch::getOperatorParameter': not all control paths return a value
  Synth.vcxproj -> C:\Users\PC\source\repos\Synth\x64\Debug\Synth.exe
